  [1m[35m (299.8ms)[0m  [1m[35mCREATE DATABASE "airbbb_api_development" ENCODING = 'unicode'[0m
  [1m[35m (105.0ms)[0m  [1m[35mCREATE DATABASE "airbbb_api_test" ENCODING = 'unicode'[0m
  [1m[35m (36.4ms)[0m  [1m[35mCREATE TABLE "schema_migrations" ("version" character varying NOT NULL PRIMARY KEY)[0m
  [1m[35m (25.6ms)[0m  [1m[35mCREATE TABLE "ar_internal_metadata" ("key" character varying NOT NULL PRIMARY KEY, "value" character varying, "created_at" timestamp(6) NOT NULL, "updated_at" timestamp(6) NOT NULL)[0m
  [1m[35m (16.9ms)[0m  [1m[34mSELECT pg_try_advisory_lock(2235347534126531055)[0m
  [1m[35m (0.8ms)[0m  [1m[34mSELECT "schema_migrations"."version" FROM "schema_migrations" ORDER BY "schema_migrations"."version" ASC[0m
Migrating to CreateAirlines (20200714213304)
  [1m[35m (0.1ms)[0m  [1m[35mBEGIN[0m
  [1m[35m (28.7ms)[0m  [1m[35mCREATE TABLE "airlines" ("id" bigserial primary key, "name" character varying, "image_url" character varying, "slug" character varying, "created_at" timestamp(6) NOT NULL, "updated_at" timestamp(6) NOT NULL)[0m
  [1m[36mprimary::SchemaMigration Create (1.8ms)[0m  [1m[32mINSERT INTO "schema_migrations" ("version") VALUES ($1) RETURNING "version"[0m  [["version", "20200714213304"]]
  [1m[35m (0.4ms)[0m  [1m[35mCOMMIT[0m
Migrating to CreateReviews (20200714213443)
  [1m[35m (6.1ms)[0m  [1m[35mBEGIN[0m
  [1m[35m (23.1ms)[0m  [1m[35mCREATE TABLE "reviews" ("id" bigserial primary key, "title" character varying, "description" character varying, "score" integer, "airline_id" bigint NOT NULL, "created_at" timestamp(6) NOT NULL, "updated_at" timestamp(6) NOT NULL, CONSTRAINT "fk_rails_3a3d57cfdb"
FOREIGN KEY ("airline_id")
  REFERENCES "airlines" ("id")
)[0m
  [1m[35m (1.0ms)[0m  [1m[35mCREATE  INDEX  "index_reviews_on_airline_id" ON "reviews"  ("airline_id")[0m
  [1m[36mprimary::SchemaMigration Create (0.2ms)[0m  [1m[32mINSERT INTO "schema_migrations" ("version") VALUES ($1) RETURNING "version"[0m  [["version", "20200714213443"]]
  [1m[35m (0.4ms)[0m  [1m[35mCOMMIT[0m
  [1m[36mActiveRecord::InternalMetadata Load (0.3ms)[0m  [1m[34mSELECT "ar_internal_metadata".* FROM "ar_internal_metadata" WHERE "ar_internal_metadata"."key" = $1 LIMIT $2[0m  [["key", "environment"], ["LIMIT", 1]]
  [1m[35m (0.1ms)[0m  [1m[35mBEGIN[0m
  [1m[36mActiveRecord::InternalMetadata Create (7.3ms)[0m  [1m[32mINSERT INTO "ar_internal_metadata" ("key", "value", "created_at", "updated_at") VALUES ($1, $2, $3, $4) RETURNING "key"[0m  [["key", "environment"], ["value", "development"], ["created_at", "2020-07-14 21:35:42.763416"], ["updated_at", "2020-07-14 21:35:42.763416"]]
  [1m[35m (6.2ms)[0m  [1m[35mCOMMIT[0m
  [1m[35m (0.3ms)[0m  [1m[34mSELECT pg_advisory_unlock(2235347534126531055)[0m
  [1m[35m (0.5ms)[0m  [1m[34mSELECT "schema_migrations"."version" FROM "schema_migrations" ORDER BY "schema_migrations"."version" ASC[0m
  [1m[35m (0.4ms)[0m  [1m[34mSELECT "schema_migrations"."version" FROM "schema_migrations" ORDER BY "schema_migrations"."version" ASC[0m
  [1m[35m (0.1ms)[0m  [1m[35mBEGIN[0m
  [1m[36mAirline Create (7.1ms)[0m  [1m[32mINSERT INTO "airlines" ("name", "image_url", "slug", "created_at", "updated_at") VALUES ($1, $2, $3, $4, $5) RETURNING "id"[0m  [["name", "Cathay Pacific"], ["image_url", "https://open-flights.s3.amazonaws.com/Cathay-Pacific.png"], ["slug", "cathay-pacific"], ["created_at", "2020-07-14 21:47:46.020762"], ["updated_at", "2020-07-14 21:47:46.020762"]]
  [1m[35m (16.0ms)[0m  [1m[35mCOMMIT[0m
  [1m[35m (0.1ms)[0m  [1m[35mBEGIN[0m
  [1m[36mAirline Create (0.2ms)[0m  [1m[32mINSERT INTO "airlines" ("name", "image_url", "slug", "created_at", "updated_at") VALUES ($1, $2, $3, $4, $5) RETURNING "id"[0m  [["name", "Lufthansa"], ["image_url", "https://open-flights.s3.amazonaws.com/Lufthansa.png"], ["slug", "lufthansa"], ["created_at", "2020-07-14 21:47:46.150615"], ["updated_at", "2020-07-14 21:47:46.150615"]]
  [1m[35m (0.3ms)[0m  [1m[35mCOMMIT[0m
  [1m[35m (0.1ms)[0m  [1m[35mBEGIN[0m
  [1m[36mAirline Create (0.2ms)[0m  [1m[32mINSERT INTO "airlines" ("name", "image_url", "slug", "created_at", "updated_at") VALUES ($1, $2, $3, $4, $5) RETURNING "id"[0m  [["name", "Delta"], ["image_url", "https://open-flights.s3.amazonaws.com/Delta.png"], ["slug", "delta"], ["created_at", "2020-07-14 21:47:46.153877"], ["updated_at", "2020-07-14 21:47:46.153877"]]
  [1m[35m (0.3ms)[0m  [1m[35mCOMMIT[0m
  [1m[35m (0.1ms)[0m  [1m[35mBEGIN[0m
  [1m[36mAirline Create (0.2ms)[0m  [1m[32mINSERT INTO "airlines" ("name", "image_url", "slug", "created_at", "updated_at") VALUES ($1, $2, $3, $4, $5) RETURNING "id"[0m  [["name", "Alaska Airlines"], ["image_url", "https://open-flights.s3.amazonaws.com/Alaska-Airlines.png"], ["slug", "alaska-airlines"], ["created_at", "2020-07-14 21:47:46.156645"], ["updated_at", "2020-07-14 21:47:46.156645"]]
  [1m[35m (0.3ms)[0m  [1m[35mCOMMIT[0m
  [1m[35m (0.1ms)[0m  [1m[35mBEGIN[0m
  [1m[36mAirline Create (0.2ms)[0m  [1m[32mINSERT INTO "airlines" ("name", "image_url", "slug", "created_at", "updated_at") VALUES ($1, $2, $3, $4, $5) RETURNING "id"[0m  [["name", "Air France"], ["image_url", "https://open-flights.s3.amazonaws.com/Air-France.png"], ["slug", "air-france"], ["created_at", "2020-07-14 21:47:46.159546"], ["updated_at", "2020-07-14 21:47:46.159546"]]
  [1m[35m (0.3ms)[0m  [1m[35mCOMMIT[0m
  [1m[35m (0.1ms)[0m  [1m[35mBEGIN[0m
  [1m[36mAirline Create (0.2ms)[0m  [1m[32mINSERT INTO "airlines" ("name", "image_url", "slug", "created_at", "updated_at") VALUES ($1, $2, $3, $4, $5) RETURNING "id"[0m  [["name", "Xiamen Airlines"], ["image_url", "https://open-flights.s3.amazonaws.com/XiamenAir.png"], ["slug", "xiamen-airlines"], ["created_at", "2020-07-14 21:47:46.162443"], ["updated_at", "2020-07-14 21:47:46.162443"]]
  [1m[35m (0.4ms)[0m  [1m[35mCOMMIT[0m
  [1m[35m (0.1ms)[0m  [1m[35mBEGIN[0m
  [1m[36mReview Create (28.2ms)[0m  [1m[32mINSERT INTO "reviews" ("title", "description", "score", "airline_id", "created_at", "updated_at") VALUES ($1, $2, $3, $4, $5, $6) RETURNING "id"[0m  [["title", "I love this airline"], ["description", "A little cramped, food was okay"], ["score", 4], ["airline_id", 1], ["created_at", "2020-07-14 21:47:46.190479"], ["updated_at", "2020-07-14 21:47:46.190479"]]
  [1m[35m (0.3ms)[0m  [1m[35mCOMMIT[0m
  [1m[35m (0.1ms)[0m  [1m[35mBEGIN[0m
  [1m[36mReview Create (0.3ms)[0m  [1m[32mINSERT INTO "reviews" ("title", "description", "score", "airline_id", "created_at", "updated_at") VALUES ($1, $2, $3, $4, $5, $6) RETURNING "id"[0m  [["title", "Terrible"], ["description", "hot, smelly, lots of kids"], ["score", 2], ["airline_id", 1], ["created_at", "2020-07-14 21:47:46.221977"], ["updated_at", "2020-07-14 21:47:46.221977"]]
  [1m[35m (0.2ms)[0m  [1m[35mCOMMIT[0m
  [1m[36mAirline Load (6.2ms)[0m  [1m[34mSELECT "airlines".* FROM "airlines" WHERE "airlines"."id" = $1 LIMIT $2[0m  [["id", 1], ["LIMIT", 1]]
  [1m[36mAirline Load (0.2ms)[0m  [1m[34mSELECT "airlines".* FROM "airlines" ORDER BY "airlines"."id" ASC LIMIT $1[0m  [["LIMIT", 1]]
  [1m[36mReview Load (0.3ms)[0m  [1m[34mSELECT "reviews".* FROM "reviews" WHERE "reviews"."airline_id" = $1 LIMIT $2[0m  [["airline_id", 1], ["LIMIT", 11]]
  [1m[35m (1.2ms)[0m  [1m[34mSELECT AVG("reviews"."score") FROM "reviews" WHERE "reviews"."airline_id" = $1[0m  [["airline_id", 1]]
